2013-07-21 02:54:03,455 [localhost-startStop-1] ERROR StackTrace  - Full Stack Trace:
org.springframework.beans.factory.BeanCreationException: Error creating bean with name 'grailsApplication' defined in ServletContext resource [/WEB-INF/applicationContext.xml]: Invocation of init method failed; nested exception is java.lang.NullPointerException
	at org.springframework.beans.factory.support.AbstractAutowireCapableBeanFactory.initializeBean(AbstractAutowireCapableBeanFactory.java:1455)
	at org.springframework.beans.factory.support.AbstractAutowireCapableBeanFactory.doCreateBean(AbstractAutowireCapableBeanFactory.java:519)
	at org.springframework.beans.factory.support.AbstractAutowireCapableBeanFactory.createBean(AbstractAutowireCapableBeanFactory.java:456)
	at org.springframework.beans.factory.support.AbstractBeanFactory$1.getObject(AbstractBeanFactory.java:294)
	at org.springframework.beans.factory.support.DefaultSingletonBeanRegistry.getSingleton(DefaultSingletonBeanRegistry.java:225)
	at org.springframework.beans.factory.support.AbstractBeanFactory.doGetBean(AbstractBeanFactory.java:291)
	at org.springframework.beans.factory.support.AbstractBeanFactory.getBean(AbstractBeanFactory.java:193)
	at org.springframework.beans.factory.support.DefaultListableBeanFactory.preInstantiateSingletons(DefaultListableBeanFactory.java:589)
	at org.springframework.context.support.AbstractApplicationContext.finishBeanFactoryInitialization(AbstractApplicationContext.java:925)
	at org.springframework.context.support.AbstractApplicationContext.refresh(AbstractApplicationContext.java:472)
	at org.springframework.web.context.ContextLoader.configureAndRefreshWebApplicationContext(ContextLoader.java:388)
	at org.springframework.web.context.ContextLoader.initWebApplicationContext(ContextLoader.java:293)
	at org.codehaus.groovy.grails.web.context.GrailsContextLoader.initWebApplicationContext(GrailsContextLoader.java:69)
	at org.springframework.web.context.ContextLoaderListener.contextInitialized(ContextLoaderListener.java:111)
	at org.apache.catalina.core.StandardContext.listenerStart(StandardContext.java:4887)
	at org.apache.catalina.core.StandardContext.startInternal(StandardContext.java:5381)
	at org.apache.catalina.util.LifecycleBase.start(LifecycleBase.java:150)
	at org.apache.catalina.core.ContainerBase$StartChild.call(ContainerBase.java:1559)
	at org.apache.catalina.core.ContainerBase$StartChild.call(ContainerBase.java:1549)
	at java.util.concurrent.FutureTask$Sync.innerRun(FutureTask.java:334)
	at java.util.concurrent.FutureTask.run(FutureTask.java:166)
	at java.util.concurrent.ThreadPoolExecutor.runWorker(ThreadPoolExecutor.java:1146)
	at java.util.concurrent.ThreadPoolExecutor$Worker.run(ThreadPoolExecutor.java:615)
	at java.lang.Thread.run(Thread.java:679)
Caused by: java.lang.NullPointerException
	at org.codehaus.groovy.grails.cli.support.GrailsRootLoader.loadClass(GrailsRootLoader.java:44)
	at java.lang.ClassLoader.loadClass(ClassLoader.java:314)
	at java.lang.ClassLoader.loadClass(ClassLoader.java:314)
	at java.lang.ClassLoader.loadClass(ClassLoader.java:314)
	at groovy.lang.GroovyClassLoader.loadClass(GroovyClassLoader.java:648)
	at groovy.lang.GroovyClassLoader.loadClass(GroovyClassLoader.java:758)
	at groovy.lang.GroovyClassLoader.loadClass(GroovyClassLoader.java:746)
	at org.codehaus.groovy.grails.commons.DefaultGrailsApplication.<init>(DefaultGrailsApplication.java:129)
	at org.codehaus.groovy.grails.commons.GrailsApplicationFactoryBean.afterPropertiesSet(GrailsApplicationFactoryBean.java:106)
	at org.springframework.beans.factory.support.AbstractAutowireCapableBeanFactory.invokeInitMethods(AbstractAutowireCapableBeanFactory.java:1514)
	at org.springframework.beans.factory.support.AbstractAutowireCapableBeanFactory.initializeBean(AbstractAutowireCapableBeanFactory.java:1452)
	... 23 more
2013-07-21 02:54:03,457 [localhost-startStop-1] ERROR StackTrace  - Full Stack Trace:
java.lang.NullPointerException
	at org.codehaus.groovy.grails.cli.support.GrailsRootLoader.loadClass(GrailsRootLoader.java:44)
	at java.lang.ClassLoader.loadClass(ClassLoader.java:314)
	at java.lang.ClassLoader.loadClass(ClassLoader.java:314)
	at java.lang.ClassLoader.loadClass(ClassLoader.java:314)
	at groovy.lang.GroovyClassLoader.loadClass(GroovyClassLoader.java:648)
	at groovy.lang.GroovyClassLoader.loadClass(GroovyClassLoader.java:758)
	at groovy.lang.GroovyClassLoader.loadClass(GroovyClassLoader.java:746)
	at org.codehaus.groovy.grails.commons.DefaultGrailsApplication.<init>(DefaultGrailsApplication.java:129)
	at org.codehaus.groovy.grails.commons.GrailsApplicationFactoryBean.afterPropertiesSet(GrailsApplicationFactoryBean.java:106)
	at org.springframework.beans.factory.support.AbstractAutowireCapableBeanFactory.invokeInitMethods(AbstractAutowireCapableBeanFactory.java:1514)
	at org.springframework.beans.factory.support.AbstractAutowireCapableBeanFactory.initializeBean(AbstractAutowireCapableBeanFactory.java:1452)
	at org.springframework.beans.factory.support.AbstractAutowireCapableBeanFactory.doCreateBean(AbstractAutowireCapableBeanFactory.java:519)
	at org.springframework.beans.factory.support.AbstractAutowireCapableBeanFactory.createBean(AbstractAutowireCapableBeanFactory.java:456)
	at org.springframework.beans.factory.support.AbstractBeanFactory$1.getObject(AbstractBeanFactory.java:294)
	at org.springframework.beans.factory.support.DefaultSingletonBeanRegistry.getSingleton(DefaultSingletonBeanRegistry.java:225)
	at org.springframework.beans.factory.support.AbstractBeanFactory.doGetBean(AbstractBeanFactory.java:291)
	at org.springframework.beans.factory.support.AbstractBeanFactory.getBean(AbstractBeanFactory.java:193)
	at org.springframework.beans.factory.support.DefaultListableBeanFactory.preInstantiateSingletons(DefaultListableBeanFactory.java:589)
	at org.springframework.context.support.AbstractApplicationContext.finishBeanFactoryInitialization(AbstractApplicationContext.java:925)
	at org.springframework.context.support.AbstractApplicationContext.refresh(AbstractApplicationContext.java:472)
	at org.springframework.web.context.ContextLoader.configureAndRefreshWebApplicationContext(ContextLoader.java:388)
	at org.springframework.web.context.ContextLoader.initWebApplicationContext(ContextLoader.java:293)
	at org.codehaus.groovy.grails.web.context.GrailsContextLoader.initWebApplicationContext(GrailsContextLoader.java:69)
	at org.springframework.web.context.ContextLoaderListener.contextInitialized(ContextLoaderListener.java:111)
	at org.apache.catalina.core.StandardContext.listenerStart(StandardContext.java:4887)
	at org.apache.catalina.core.StandardContext.startInternal(StandardContext.java:5381)
	at org.apache.catalina.util.LifecycleBase.start(LifecycleBase.java:150)
	at org.apache.catalina.core.ContainerBase$StartChild.call(ContainerBase.java:1559)
	at org.apache.catalina.core.ContainerBase$StartChild.call(ContainerBase.java:1549)
	at java.util.concurrent.FutureTask$Sync.innerRun(FutureTask.java:334)
	at java.util.concurrent.FutureTask.run(FutureTask.java:166)
	at java.util.concurrent.ThreadPoolExecutor.runWorker(ThreadPoolExecutor.java:1146)
	at java.util.concurrent.ThreadPoolExecutor$Worker.run(ThreadPoolExecutor.java:615)
	at java.lang.Thread.run(Thread.java:679)
2013-07-21 02:54:03,457 [localhost-startStop-1] ERROR StackTrace  - Full Stack Trace:
org.springframework.beans.factory.BeanCreationException: Error creating bean with name 'grailsApplication' defined in ServletContext resource [/WEB-INF/applicationContext.xml]: Invocation of init method failed; nested exception is java.lang.NullPointerException
	at java.util.concurrent.FutureTask$Sync.innerRun(FutureTask.java:334)
	at java.util.concurrent.FutureTask.run(FutureTask.java:166)
	at java.util.concurrent.ThreadPoolExecutor.runWorker(ThreadPoolExecutor.java:1146)
	at java.util.concurrent.ThreadPoolExecutor$Worker.run(ThreadPoolExecutor.java:615)
	at java.lang.Thread.run(Thread.java:679)
Caused by: java.lang.NullPointerException
	at java.lang.ClassLoader.loadClass(ClassLoader.java:314)
	at java.lang.ClassLoader.loadClass(ClassLoader.java:314)
	at java.lang.ClassLoader.loadClass(ClassLoader.java:314)
	... 5 more
2013-07-21 02:54:03,458 [localhost-startStop-1] ERROR StackTrace  - Full Stack Trace:
org.springframework.beans.factory.BeanCreationException: Error creating bean with name 'grailsApplication' defined in ServletContext resource [/WEB-INF/applicationContext.xml]: Invocation of init method failed; nested exception is java.lang.NullPointerException
	at java.util.concurrent.FutureTask$Sync.innerRun(FutureTask.java:334)
	at java.util.concurrent.FutureTask.run(FutureTask.java:166)
	at java.util.concurrent.ThreadPoolExecutor.runWorker(ThreadPoolExecutor.java:1146)
	at java.util.concurrent.ThreadPoolExecutor$Worker.run(ThreadPoolExecutor.java:615)
	at java.lang.Thread.run(Thread.java:679)
Caused by: java.lang.NullPointerException
	at java.lang.ClassLoader.loadClass(ClassLoader.java:314)
	at java.lang.ClassLoader.loadClass(ClassLoader.java:314)
	at java.lang.ClassLoader.loadClass(ClassLoader.java:314)
	... 5 more
2013-07-21 02:54:03,458 [localhost-startStop-1] ERROR StackTrace  - Full Stack Trace:
java.lang.NullPointerException
	at java.lang.ClassLoader.loadClass(ClassLoader.java:314)
	at java.lang.ClassLoader.loadClass(ClassLoader.java:314)
	at java.lang.ClassLoader.loadClass(ClassLoader.java:314)
	at java.util.concurrent.FutureTask$Sync.innerRun(FutureTask.java:334)
	at java.util.concurrent.FutureTask.run(FutureTask.java:166)
	at java.util.concurrent.ThreadPoolExecutor.runWorker(ThreadPoolExecutor.java:1146)
	at java.util.concurrent.ThreadPoolExecutor$Worker.run(ThreadPoolExecutor.java:615)
	at java.lang.Thread.run(Thread.java:679)
2013-07-21 02:54:03,458 [localhost-startStop-1] ERROR StackTrace  - Full Stack Trace:
org.springframework.beans.factory.BeanCreationException: Error creating bean with name 'grailsApplication' defined in ServletContext resource [/WEB-INF/applicationContext.xml]: Invocation of init method failed; nested exception is java.lang.NullPointerException
	at java.util.concurrent.FutureTask$Sync.innerRun(FutureTask.java:334)
	at java.util.concurrent.FutureTask.run(FutureTask.java:166)
	at java.util.concurrent.ThreadPoolExecutor.runWorker(ThreadPoolExecutor.java:1146)
	at java.util.concurrent.ThreadPoolExecutor$Worker.run(ThreadPoolExecutor.java:615)
	at java.lang.Thread.run(Thread.java:679)
Caused by: java.lang.NullPointerException
	at java.lang.ClassLoader.loadClass(ClassLoader.java:314)
	at java.lang.ClassLoader.loadClass(ClassLoader.java:314)
	at java.lang.ClassLoader.loadClass(ClassLoader.java:314)
	... 5 more
2013-07-21 02:54:03,485 [localhost-startStop-1] ERROR StackTrace  - Full Stack Trace:
org.springframework.beans.factory.BeanCreationException: Error creating bean with name 'grailsApplication' defined in ServletContext resource [/WEB-INF/applicationContext.xml]: Invocation of init method failed; nested exception is java.lang.NullPointerException
	at java.util.concurrent.FutureTask$Sync.innerRun(FutureTask.java:334)
	at java.util.concurrent.FutureTask.run(FutureTask.java:166)
	at java.util.concurrent.ThreadPoolExecutor.runWorker(ThreadPoolExecutor.java:1146)
	at java.util.concurrent.ThreadPoolExecutor$Worker.run(ThreadPoolExecutor.java:615)
	at java.lang.Thread.run(Thread.java:679)
Caused by: java.lang.NullPointerException
	at java.lang.ClassLoader.loadClass(ClassLoader.java:314)
	at java.lang.ClassLoader.loadClass(ClassLoader.java:314)
	at java.lang.ClassLoader.loadClass(ClassLoader.java:314)
	... 5 more
2013-07-21 02:54:03,485 [localhost-startStop-1] ERROR StackTrace  - Full Stack Trace:
java.lang.NullPointerException
	at java.lang.ClassLoader.loadClass(ClassLoader.java:314)
	at java.lang.ClassLoader.loadClass(ClassLoader.java:314)
	at java.lang.ClassLoader.loadClass(ClassLoader.java:314)
	at java.util.concurrent.FutureTask$Sync.innerRun(FutureTask.java:334)
	at java.util.concurrent.FutureTask.run(FutureTask.java:166)
	at java.util.concurrent.ThreadPoolExecutor.runWorker(ThreadPoolExecutor.java:1146)
	at java.util.concurrent.ThreadPoolExecutor$Worker.run(ThreadPoolExecutor.java:615)
	at java.lang.Thread.run(Thread.java:679)
2013-07-21 02:54:03,485 [localhost-startStop-1] ERROR StackTrace  - Full Stack Trace:
org.springframework.beans.factory.BeanCreationException: Error creating bean with name 'grailsApplication' defined in ServletContext resource [/WEB-INF/applicationContext.xml]: Invocation of init method failed; nested exception is java.lang.NullPointerException
	at java.util.concurrent.FutureTask$Sync.innerRun(FutureTask.java:334)
	at java.util.concurrent.FutureTask.run(FutureTask.java:166)
	at java.util.concurrent.ThreadPoolExecutor.runWorker(ThreadPoolExecutor.java:1146)
	at java.util.concurrent.ThreadPoolExecutor$Worker.run(ThreadPoolExecutor.java:615)
	at java.lang.Thread.run(Thread.java:679)
Caused by: java.lang.NullPointerException
	at java.lang.ClassLoader.loadClass(ClassLoader.java:314)
	at java.lang.ClassLoader.loadClass(ClassLoader.java:314)
	at java.lang.ClassLoader.loadClass(ClassLoader.java:314)
	... 5 more
2013-07-21 02:54:03,486 [localhost-startStop-1] ERROR StackTrace  - Full Stack Trace:
org.springframework.beans.factory.BeanCreationException: Error creating bean with name 'grailsApplication' defined in ServletContext resource [/WEB-INF/applicationContext.xml]: Invocation of init method failed; nested exception is java.lang.NullPointerException
	at java.util.concurrent.FutureTask$Sync.innerRun(FutureTask.java:334)
	at java.util.concurrent.FutureTask.run(FutureTask.java:166)
	at java.util.concurrent.ThreadPoolExecutor.runWorker(ThreadPoolExecutor.java:1146)
	at java.util.concurrent.ThreadPoolExecutor$Worker.run(ThreadPoolExecutor.java:615)
	at java.lang.Thread.run(Thread.java:679)
Caused by: java.lang.NullPointerException
	at java.lang.ClassLoader.loadClass(ClassLoader.java:314)
	at java.lang.ClassLoader.loadClass(ClassLoader.java:314)
	at java.lang.ClassLoader.loadClass(ClassLoader.java:314)
	... 5 more
2013-07-21 02:54:03,486 [localhost-startStop-1] ERROR StackTrace  - Full Stack Trace:
java.lang.NullPointerException
	at java.lang.ClassLoader.loadClass(ClassLoader.java:314)
	at java.lang.ClassLoader.loadClass(ClassLoader.java:314)
	at java.lang.ClassLoader.loadClass(ClassLoader.java:314)
	at java.util.concurrent.FutureTask$Sync.innerRun(FutureTask.java:334)
	at java.util.concurrent.FutureTask.run(FutureTask.java:166)
	at java.util.concurrent.ThreadPoolExecutor.runWorker(ThreadPoolExecutor.java:1146)
	at java.util.concurrent.ThreadPoolExecutor$Worker.run(ThreadPoolExecutor.java:615)
	at java.lang.Thread.run(Thread.java:679)
2013-07-21 02:54:03,486 [localhost-startStop-1] ERROR StackTrace  - Full Stack Trace:
org.springframework.beans.factory.BeanCreationException: Error creating bean with name 'grailsApplication' defined in ServletContext resource [/WEB-INF/applicationContext.xml]: Invocation of init method failed; nested exception is java.lang.NullPointerException
	at java.util.concurrent.FutureTask$Sync.innerRun(FutureTask.java:334)
	at java.util.concurrent.FutureTask.run(FutureTask.java:166)
	at java.util.concurrent.ThreadPoolExecutor.runWorker(ThreadPoolExecutor.java:1146)
	at java.util.concurrent.ThreadPoolExecutor$Worker.run(ThreadPoolExecutor.java:615)
	at java.lang.Thread.run(Thread.java:679)
Caused by: java.lang.NullPointerException
	at java.lang.ClassLoader.loadClass(ClassLoader.java:314)
	at java.lang.ClassLoader.loadClass(ClassLoader.java:314)
	at java.lang.ClassLoader.loadClass(ClassLoader.java:314)
	... 5 more
2013-07-21 02:54:03,486 [localhost-startStop-1] ERROR StackTrace  - Full Stack Trace:
org.springframework.beans.factory.BeanCreationException: Error creating bean with name 'grailsApplication' defined in ServletContext resource [/WEB-INF/applicationContext.xml]: Invocation of init method failed; nested exception is java.lang.NullPointerException
	at java.util.concurrent.FutureTask$Sync.innerRun(FutureTask.java:334)
	at java.util.concurrent.FutureTask.run(FutureTask.java:166)
	at java.util.concurrent.ThreadPoolExecutor.runWorker(ThreadPoolExecutor.java:1146)
	at java.util.concurrent.ThreadPoolExecutor$Worker.run(ThreadPoolExecutor.java:615)
	at java.lang.Thread.run(Thread.java:679)
Caused by: java.lang.NullPointerException
	at java.lang.ClassLoader.loadClass(ClassLoader.java:314)
	at java.lang.ClassLoader.loadClass(ClassLoader.java:314)
	at java.lang.ClassLoader.loadClass(ClassLoader.java:314)
	... 5 more
2013-07-21 02:54:03,486 [localhost-startStop-1] ERROR StackTrace  - Full Stack Trace:
java.lang.NullPointerException
	at java.lang.ClassLoader.loadClass(ClassLoader.java:314)
	at java.lang.ClassLoader.loadClass(ClassLoader.java:314)
	at java.lang.ClassLoader.loadClass(ClassLoader.java:314)
	at java.util.concurrent.FutureTask$Sync.innerRun(FutureTask.java:334)
	at java.util.concurrent.FutureTask.run(FutureTask.java:166)
	at java.util.concurrent.ThreadPoolExecutor.runWorker(ThreadPoolExecutor.java:1146)
	at java.util.concurrent.ThreadPoolExecutor$Worker.run(ThreadPoolExecutor.java:615)
	at java.lang.Thread.run(Thread.java:679)
2013-07-21 02:54:03,486 [localhost-startStop-1] ERROR StackTrace  - Full Stack Trace:
org.springframework.beans.factory.BeanCreationException: Error creating bean with name 'grailsApplication' defined in ServletContext resource [/WEB-INF/applicationContext.xml]: Invocation of init method failed; nested exception is java.lang.NullPointerException
	at java.util.concurrent.FutureTask$Sync.innerRun(FutureTask.java:334)
	at java.util.concurrent.FutureTask.run(FutureTask.java:166)
	at java.util.concurrent.ThreadPoolExecutor.runWorker(ThreadPoolExecutor.java:1146)
	at java.util.concurrent.ThreadPoolExecutor$Worker.run(ThreadPoolExecutor.java:615)
	at java.lang.Thread.run(Thread.java:679)
Caused by: java.lang.NullPointerException
	at java.lang.ClassLoader.loadClass(ClassLoader.java:314)
	at java.lang.ClassLoader.loadClass(ClassLoader.java:314)
	at java.lang.ClassLoader.loadClass(ClassLoader.java:314)
	... 5 more
2013-07-21 02:54:03,489 [localhost-startStop-1] ERROR StackTrace  - Full Stack Trace:
org.springframework.beans.factory.BeanCreationException: Error creating bean with name 'grailsApplication' defined in ServletContext resource [/WEB-INF/applicationContext.xml]: Invocation of init method failed; nested exception is java.lang.NullPointerException
	at java.util.concurrent.FutureTask$Sync.innerRun(FutureTask.java:334)
	at java.util.concurrent.FutureTask.run(FutureTask.java:166)
	at java.util.concurrent.ThreadPoolExecutor.runWorker(ThreadPoolExecutor.java:1146)
	at java.util.concurrent.ThreadPoolExecutor$Worker.run(ThreadPoolExecutor.java:615)
	at java.lang.Thread.run(Thread.java:679)
Caused by: java.lang.NullPointerException
	at java.lang.ClassLoader.loadClass(ClassLoader.java:314)
	at java.lang.ClassLoader.loadClass(ClassLoader.java:314)
	at java.lang.ClassLoader.loadClass(ClassLoader.java:314)
	... 5 more
2013-07-21 02:54:03,489 [localhost-startStop-1] ERROR StackTrace  - Full Stack Trace:
java.lang.NullPointerException
	at java.lang.ClassLoader.loadClass(ClassLoader.java:314)
	at java.lang.ClassLoader.loadClass(ClassLoader.java:314)
	at java.lang.ClassLoader.loadClass(ClassLoader.java:314)
	at java.util.concurrent.FutureTask$Sync.innerRun(FutureTask.java:334)
	at java.util.concurrent.FutureTask.run(FutureTask.java:166)
	at java.util.concurrent.ThreadPoolExecutor.runWorker(ThreadPoolExecutor.java:1146)
	at java.util.concurrent.ThreadPoolExecutor$Worker.run(ThreadPoolExecutor.java:615)
	at java.lang.Thread.run(Thread.java:679)
2013-07-21 02:54:03,489 [localhost-startStop-1] ERROR StackTrace  - Full Stack Trace:
org.springframework.beans.factory.BeanCreationException: Error creating bean with name 'grailsApplication' defined in ServletContext resource [/WEB-INF/applicationContext.xml]: Invocation of init method failed; nested exception is java.lang.NullPointerException
	at java.util.concurrent.FutureTask$Sync.innerRun(FutureTask.java:334)
	at java.util.concurrent.FutureTask.run(FutureTask.java:166)
	at java.util.concurrent.ThreadPoolExecutor.runWorker(ThreadPoolExecutor.java:1146)
	at java.util.concurrent.ThreadPoolExecutor$Worker.run(ThreadPoolExecutor.java:615)
	at java.lang.Thread.run(Thread.java:679)
Caused by: java.lang.NullPointerException
	at java.lang.ClassLoader.loadClass(ClassLoader.java:314)
	at java.lang.ClassLoader.loadClass(ClassLoader.java:314)
	at java.lang.ClassLoader.loadClass(ClassLoader.java:314)
	... 5 more
2013-07-21 02:54:03,489 [localhost-startStop-1] ERROR StackTrace  - Full Stack Trace:
org.springframework.beans.factory.BeanCreationException: Error creating bean with name 'grailsApplication' defined in ServletContext resource [/WEB-INF/applicationContext.xml]: Invocation of init method failed; nested exception is java.lang.NullPointerException
	at java.util.concurrent.FutureTask$Sync.innerRun(FutureTask.java:334)
	at java.util.concurrent.FutureTask.run(FutureTask.java:166)
	at java.util.concurrent.ThreadPoolExecutor.runWorker(ThreadPoolExecutor.java:1146)
	at java.util.concurrent.ThreadPoolExecutor$Worker.run(ThreadPoolExecutor.java:615)
	at java.lang.Thread.run(Thread.java:679)
Caused by: java.lang.NullPointerException
	at java.lang.ClassLoader.loadClass(ClassLoader.java:314)
	at java.lang.ClassLoader.loadClass(ClassLoader.java:314)
	at java.lang.ClassLoader.loadClass(ClassLoader.java:314)
	... 5 more
2013-07-21 02:54:03,490 [localhost-startStop-1] ERROR StackTrace  - Full Stack Trace:
java.lang.NullPointerException
	at java.lang.ClassLoader.loadClass(ClassLoader.java:314)
	at java.lang.ClassLoader.loadClass(ClassLoader.java:314)
	at java.lang.ClassLoader.loadClass(ClassLoader.java:314)
	at java.util.concurrent.FutureTask$Sync.innerRun(FutureTask.java:334)
	at java.util.concurrent.FutureTask.run(FutureTask.java:166)
	at java.util.concurrent.ThreadPoolExecutor.runWorker(ThreadPoolExecutor.java:1146)
	at java.util.concurrent.ThreadPoolExecutor$Worker.run(ThreadPoolExecutor.java:615)
	at java.lang.Thread.run(Thread.java:679)
2013-07-21 02:54:03,490 [localhost-startStop-1] ERROR StackTrace  - Full Stack Trace:
org.springframework.beans.factory.BeanCreationException: Error creating bean with name 'grailsApplication' defined in ServletContext resource [/WEB-INF/applicationContext.xml]: Invocation of init method failed; nested exception is java.lang.NullPointerException
	at java.util.concurrent.FutureTask$Sync.innerRun(FutureTask.java:334)
	at java.util.concurrent.FutureTask.run(FutureTask.java:166)
	at java.util.concurrent.ThreadPoolExecutor.runWorker(ThreadPoolExecutor.java:1146)
	at java.util.concurrent.ThreadPoolExecutor$Worker.run(ThreadPoolExecutor.java:615)
	at java.lang.Thread.run(Thread.java:679)
Caused by: java.lang.NullPointerException
	at java.lang.ClassLoader.loadClass(ClassLoader.java:314)
	at java.lang.ClassLoader.loadClass(ClassLoader.java:314)
	at java.lang.ClassLoader.loadClass(ClassLoader.java:314)
	... 5 more
2013-07-21 02:56:02,733 [localhost-startStop-1] ERROR StackTrace  - Full Stack Trace:
org.springframework.beans.factory.BeanCreationException: Error creating bean with name 'grailsApplication' defined in ServletContext resource [/WEB-INF/applicationContext.xml]: Invocation of init method failed; nested exception is java.lang.NullPointerException
	at org.springframework.beans.factory.support.AbstractAutowireCapableBeanFactory.initializeBean(AbstractAutowireCapableBeanFactory.java:1455)
	at org.springframework.beans.factory.support.AbstractAutowireCapableBeanFactory.doCreateBean(AbstractAutowireCapableBeanFactory.java:519)
	at org.springframework.beans.factory.support.AbstractAutowireCapableBeanFactory.createBean(AbstractAutowireCapableBeanFactory.java:456)
	at org.springframework.beans.factory.support.AbstractBeanFactory$1.getObject(AbstractBeanFactory.java:294)
	at org.springframework.beans.factory.support.DefaultSingletonBeanRegistry.getSingleton(DefaultSingletonBeanRegistry.java:225)
	at org.springframework.beans.factory.support.AbstractBeanFactory.doGetBean(AbstractBeanFactory.java:291)
	at org.springframework.beans.factory.support.AbstractBeanFactory.getBean(AbstractBeanFactory.java:193)
	at org.springframework.beans.factory.support.DefaultListableBeanFactory.preInstantiateSingletons(DefaultListableBeanFactory.java:589)
	at org.springframework.context.support.AbstractApplicationContext.finishBeanFactoryInitialization(AbstractApplicationContext.java:925)
	at org.springframework.context.support.AbstractApplicationContext.refresh(AbstractApplicationContext.java:472)
	at org.springframework.web.context.ContextLoader.configureAndRefreshWebApplicationContext(ContextLoader.java:388)
	at org.springframework.web.context.ContextLoader.initWebApplicationContext(ContextLoader.java:293)
	at org.codehaus.groovy.grails.web.context.GrailsContextLoader.initWebApplicationContext(GrailsContextLoader.java:69)
	at org.springframework.web.context.ContextLoaderListener.contextInitialized(ContextLoaderListener.java:111)
	at org.apache.catalina.core.StandardContext.listenerStart(StandardContext.java:4887)
	at org.apache.catalina.core.StandardContext.startInternal(StandardContext.java:5381)
	at org.apache.catalina.util.LifecycleBase.start(LifecycleBase.java:150)
	at org.apache.catalina.core.ContainerBase$StartChild.call(ContainerBase.java:1559)
	at org.apache.catalina.core.ContainerBase$StartChild.call(ContainerBase.java:1549)
	at java.util.concurrent.FutureTask$Sync.innerRun(FutureTask.java:334)
	at java.util.concurrent.FutureTask.run(FutureTask.java:166)
	at java.util.concurrent.ThreadPoolExecutor.runWorker(ThreadPoolExecutor.java:1146)
	at java.util.concurrent.ThreadPoolExecutor$Worker.run(ThreadPoolExecutor.java:615)
	at java.lang.Thread.run(Thread.java:679)
Caused by: java.lang.NullPointerException
	at org.codehaus.groovy.grails.cli.support.GrailsRootLoader.loadClass(GrailsRootLoader.java:44)
	at java.lang.ClassLoader.loadClass(ClassLoader.java:314)
	at java.lang.ClassLoader.loadClass(ClassLoader.java:314)
	at java.lang.ClassLoader.loadClass(ClassLoader.java:314)
	at groovy.lang.GroovyClassLoader.loadClass(GroovyClassLoader.java:648)
	at groovy.lang.GroovyClassLoader.loadClass(GroovyClassLoader.java:758)
	at groovy.lang.GroovyClassLoader.loadClass(GroovyClassLoader.java:746)
	at org.codehaus.groovy.grails.commons.DefaultGrailsApplication.<init>(DefaultGrailsApplication.java:129)
	at org.codehaus.groovy.grails.commons.GrailsApplicationFactoryBean.afterPropertiesSet(GrailsApplicationFactoryBean.java:106)
	at org.springframework.beans.factory.support.AbstractAutowireCapableBeanFactory.invokeInitMethods(AbstractAutowireCapableBeanFactory.java:1514)
	at org.springframework.beans.factory.support.AbstractAutowireCapableBeanFactory.initializeBean(AbstractAutowireCapableBeanFactory.java:1452)
	... 23 more
2013-07-21 02:56:02,735 [localhost-startStop-1] ERROR StackTrace  - Full Stack Trace:
java.lang.NullPointerException
	at org.codehaus.groovy.grails.cli.support.GrailsRootLoader.loadClass(GrailsRootLoader.java:44)
	at java.lang.ClassLoader.loadClass(ClassLoader.java:314)
	at java.lang.ClassLoader.loadClass(ClassLoader.java:314)
	at java.lang.ClassLoader.loadClass(ClassLoader.java:314)
	at groovy.lang.GroovyClassLoader.loadClass(GroovyClassLoader.java:648)
	at groovy.lang.GroovyClassLoader.loadClass(GroovyClassLoader.java:758)
	at groovy.lang.GroovyClassLoader.loadClass(GroovyClassLoader.java:746)
	at org.codehaus.groovy.grails.commons.DefaultGrailsApplication.<init>(DefaultGrailsApplication.java:129)
	at org.codehaus.groovy.grails.commons.GrailsApplicationFactoryBean.afterPropertiesSet(GrailsApplicationFactoryBean.java:106)
	at org.springframework.beans.factory.support.AbstractAutowireCapableBeanFactory.invokeInitMethods(AbstractAutowireCapableBeanFactory.java:1514)
	at org.springframework.beans.factory.support.AbstractAutowireCapableBeanFactory.initializeBean(AbstractAutowireCapableBeanFactory.java:1452)
	at org.springframework.beans.factory.support.AbstractAutowireCapableBeanFactory.doCreateBean(AbstractAutowireCapableBeanFactory.java:519)
	at org.springframework.beans.factory.support.AbstractAutowireCapableBeanFactory.createBean(AbstractAutowireCapableBeanFactory.java:456)
	at org.springframework.beans.factory.support.AbstractBeanFactory$1.getObject(AbstractBeanFactory.java:294)
	at org.springframework.beans.factory.support.DefaultSingletonBeanRegistry.getSingleton(DefaultSingletonBeanRegistry.java:225)
	at org.springframework.beans.factory.support.AbstractBeanFactory.doGetBean(AbstractBeanFactory.java:291)
	at org.springframework.beans.factory.support.AbstractBeanFactory.getBean(AbstractBeanFactory.java:193)
	at org.springframework.beans.factory.support.DefaultListableBeanFactory.preInstantiateSingletons(DefaultListableBeanFactory.java:589)
	at org.springframework.context.support.AbstractApplicationContext.finishBeanFactoryInitialization(AbstractApplicationContext.java:925)
	at org.springframework.context.support.AbstractApplicationContext.refresh(AbstractApplicationContext.java:472)
	at org.springframework.web.context.ContextLoader.configureAndRefreshWebApplicationContext(ContextLoader.java:388)
	at org.springframework.web.context.ContextLoader.initWebApplicationContext(ContextLoader.java:293)
	at org.codehaus.groovy.grails.web.context.GrailsContextLoader.initWebApplicationContext(GrailsContextLoader.java:69)
	at org.springframework.web.context.ContextLoaderListener.contextInitialized(ContextLoaderListener.java:111)
	at org.apache.catalina.core.StandardContext.listenerStart(StandardContext.java:4887)
	at org.apache.catalina.core.StandardContext.startInternal(StandardContext.java:5381)
	at org.apache.catalina.util.LifecycleBase.start(LifecycleBase.java:150)
	at org.apache.catalina.core.ContainerBase$StartChild.call(ContainerBase.java:1559)
	at org.apache.catalina.core.ContainerBase$StartChild.call(ContainerBase.java:1549)
	at java.util.concurrent.FutureTask$Sync.innerRun(FutureTask.java:334)
	at java.util.concurrent.FutureTask.run(FutureTask.java:166)
	at java.util.concurrent.ThreadPoolExecutor.runWorker(ThreadPoolExecutor.java:1146)
	at java.util.concurrent.ThreadPoolExecutor$Worker.run(ThreadPoolExecutor.java:615)
	at java.lang.Thread.run(Thread.java:679)
2013-07-21 02:56:02,736 [localhost-startStop-1] ERROR StackTrace  - Full Stack Trace:
org.springframework.beans.factory.BeanCreationException: Error creating bean with name 'grailsApplication' defined in ServletContext resource [/WEB-INF/applicationContext.xml]: Invocation of init method failed; nested exception is java.lang.NullPointerException
	at java.util.concurrent.FutureTask$Sync.innerRun(FutureTask.java:334)
	at java.util.concurrent.FutureTask.run(FutureTask.java:166)
	at java.util.concurrent.ThreadPoolExecutor.runWorker(ThreadPoolExecutor.java:1146)
	at java.util.concurrent.ThreadPoolExecutor$Worker.run(ThreadPoolExecutor.java:615)
	at java.lang.Thread.run(Thread.java:679)
Caused by: java.lang.NullPointerException
	at java.lang.ClassLoader.loadClass(ClassLoader.java:314)
	at java.lang.ClassLoader.loadClass(ClassLoader.java:314)
	at java.lang.ClassLoader.loadClass(ClassLoader.java:314)
	... 5 more
2013-07-21 02:56:02,736 [localhost-startStop-1] ERROR StackTrace  - Full Stack Trace:
org.springframework.beans.factory.BeanCreationException: Error creating bean with name 'grailsApplication' defined in ServletContext resource [/WEB-INF/applicationContext.xml]: Invocation of init method failed; nested exception is java.lang.NullPointerException
	at java.util.concurrent.FutureTask$Sync.innerRun(FutureTask.java:334)
	at java.util.concurrent.FutureTask.run(FutureTask.java:166)
	at java.util.concurrent.ThreadPoolExecutor.runWorker(ThreadPoolExecutor.java:1146)
	at java.util.concurrent.ThreadPoolExecutor$Worker.run(ThreadPoolExecutor.java:615)
	at java.lang.Thread.run(Thread.java:679)
Caused by: java.lang.NullPointerException
	at java.lang.ClassLoader.loadClass(ClassLoader.java:314)
	at java.lang.ClassLoader.loadClass(ClassLoader.java:314)
	at java.lang.ClassLoader.loadClass(ClassLoader.java:314)
	... 5 more
2013-07-21 02:56:02,736 [localhost-startStop-1] ERROR StackTrace  - Full Stack Trace:
java.lang.NullPointerException
	at java.lang.ClassLoader.loadClass(ClassLoader.java:314)
	at java.lang.ClassLoader.loadClass(ClassLoader.java:314)
	at java.lang.ClassLoader.loadClass(ClassLoader.java:314)
	at java.util.concurrent.FutureTask$Sync.innerRun(FutureTask.java:334)
	at java.util.concurrent.FutureTask.run(FutureTask.java:166)
	at java.util.concurrent.ThreadPoolExecutor.runWorker(ThreadPoolExecutor.java:1146)
	at java.util.concurrent.ThreadPoolExecutor$Worker.run(ThreadPoolExecutor.java:615)
	at java.lang.Thread.run(Thread.java:679)
2013-07-21 02:56:02,736 [localhost-startStop-1] ERROR StackTrace  - Full Stack Trace:
org.springframework.beans.factory.BeanCreationException: Error creating bean with name 'grailsApplication' defined in ServletContext resource [/WEB-INF/applicationContext.xml]: Invocation of init method failed; nested exception is java.lang.NullPointerException
	at java.util.concurrent.FutureTask$Sync.innerRun(FutureTask.java:334)
	at java.util.concurrent.FutureTask.run(FutureTask.java:166)
	at java.util.concurrent.ThreadPoolExecutor.runWorker(ThreadPoolExecutor.java:1146)
	at java.util.concurrent.ThreadPoolExecutor$Worker.run(ThreadPoolExecutor.java:615)
	at java.lang.Thread.run(Thread.java:679)
Caused by: java.lang.NullPointerException
	at java.lang.ClassLoader.loadClass(ClassLoader.java:314)
	at java.lang.ClassLoader.loadClass(ClassLoader.java:314)
	at java.lang.ClassLoader.loadClass(ClassLoader.java:314)
	... 5 more
2013-07-21 02:56:02,764 [localhost-startStop-1] ERROR StackTrace  - Full Stack Trace:
org.springframework.beans.factory.BeanCreationException: Error creating bean with name 'grailsApplication' defined in ServletContext resource [/WEB-INF/applicationContext.xml]: Invocation of init method failed; nested exception is java.lang.NullPointerException
	at java.util.concurrent.FutureTask$Sync.innerRun(FutureTask.java:334)
	at java.util.concurrent.FutureTask.run(FutureTask.java:166)
	at java.util.concurrent.ThreadPoolExecutor.runWorker(ThreadPoolExecutor.java:1146)
	at java.util.concurrent.ThreadPoolExecutor$Worker.run(ThreadPoolExecutor.java:615)
	at java.lang.Thread.run(Thread.java:679)
Caused by: java.lang.NullPointerException
	at java.lang.ClassLoader.loadClass(ClassLoader.java:314)
	at java.lang.ClassLoader.loadClass(ClassLoader.java:314)
	at java.lang.ClassLoader.loadClass(ClassLoader.java:314)
	... 5 more
2013-07-21 02:56:02,764 [localhost-startStop-1] ERROR StackTrace  - Full Stack Trace:
java.lang.NullPointerException
	at java.lang.ClassLoader.loadClass(ClassLoader.java:314)
	at java.lang.ClassLoader.loadClass(ClassLoader.java:314)
	at java.lang.ClassLoader.loadClass(ClassLoader.java:314)
	at java.util.concurrent.FutureTask$Sync.innerRun(FutureTask.java:334)
	at java.util.concurrent.FutureTask.run(FutureTask.java:166)
	at java.util.concurrent.ThreadPoolExecutor.runWorker(ThreadPoolExecutor.java:1146)
	at java.util.concurrent.ThreadPoolExecutor$Worker.run(ThreadPoolExecutor.java:615)
	at java.lang.Thread.run(Thread.java:679)
2013-07-21 02:56:02,764 [localhost-startStop-1] ERROR StackTrace  - Full Stack Trace:
org.springframework.beans.factory.BeanCreationException: Error creating bean with name 'grailsApplication' defined in ServletContext resource [/WEB-INF/applicationContext.xml]: Invocation of init method failed; nested exception is java.lang.NullPointerException
	at java.util.concurrent.FutureTask$Sync.innerRun(FutureTask.java:334)
	at java.util.concurrent.FutureTask.run(FutureTask.java:166)
	at java.util.concurrent.ThreadPoolExecutor.runWorker(ThreadPoolExecutor.java:1146)
	at java.util.concurrent.ThreadPoolExecutor$Worker.run(ThreadPoolExecutor.java:615)
	at java.lang.Thread.run(Thread.java:679)
Caused by: java.lang.NullPointerException
	at java.lang.ClassLoader.loadClass(ClassLoader.java:314)
	at java.lang.ClassLoader.loadClass(ClassLoader.java:314)
	at java.lang.ClassLoader.loadClass(ClassLoader.java:314)
	... 5 more
2013-07-21 02:56:02,764 [localhost-startStop-1] ERROR StackTrace  - Full Stack Trace:
org.springframework.beans.factory.BeanCreationException: Error creating bean with name 'grailsApplication' defined in ServletContext resource [/WEB-INF/applicationContext.xml]: Invocation of init method failed; nested exception is java.lang.NullPointerException
	at java.util.concurrent.FutureTask$Sync.innerRun(FutureTask.java:334)
	at java.util.concurrent.FutureTask.run(FutureTask.java:166)
	at java.util.concurrent.ThreadPoolExecutor.runWorker(ThreadPoolExecutor.java:1146)
	at java.util.concurrent.ThreadPoolExecutor$Worker.run(ThreadPoolExecutor.java:615)
	at java.lang.Thread.run(Thread.java:679)
Caused by: java.lang.NullPointerException
	at java.lang.ClassLoader.loadClass(ClassLoader.java:314)
	at java.lang.ClassLoader.loadClass(ClassLoader.java:314)
	at java.lang.ClassLoader.loadClass(ClassLoader.java:314)
	... 5 more
2013-07-21 02:56:02,765 [localhost-startStop-1] ERROR StackTrace  - Full Stack Trace:
java.lang.NullPointerException
	at java.lang.ClassLoader.loadClass(ClassLoader.java:314)
	at java.lang.ClassLoader.loadClass(ClassLoader.java:314)
	at java.lang.ClassLoader.loadClass(ClassLoader.java:314)
	at java.util.concurrent.FutureTask$Sync.innerRun(FutureTask.java:334)
	at java.util.concurrent.FutureTask.run(FutureTask.java:166)
	at java.util.concurrent.ThreadPoolExecutor.runWorker(ThreadPoolExecutor.java:1146)
	at java.util.concurrent.ThreadPoolExecutor$Worker.run(ThreadPoolExecutor.java:615)
	at java.lang.Thread.run(Thread.java:679)
2013-07-21 02:56:02,765 [localhost-startStop-1] ERROR StackTrace  - Full Stack Trace:
org.springframework.beans.factory.BeanCreationException: Error creating bean with name 'grailsApplication' defined in ServletContext resource [/WEB-INF/applicationContext.xml]: Invocation of init method failed; nested exception is java.lang.NullPointerException
	at java.util.concurrent.FutureTask$Sync.innerRun(FutureTask.java:334)
	at java.util.concurrent.FutureTask.run(FutureTask.java:166)
	at java.util.concurrent.ThreadPoolExecutor.runWorker(ThreadPoolExecutor.java:1146)
	at java.util.concurrent.ThreadPoolExecutor$Worker.run(ThreadPoolExecutor.java:615)
	at java.lang.Thread.run(Thread.java:679)
Caused by: java.lang.NullPointerException
	at java.lang.ClassLoader.loadClass(ClassLoader.java:314)
	at java.lang.ClassLoader.loadClass(ClassLoader.java:314)
	at java.lang.ClassLoader.loadClass(ClassLoader.java:314)
	... 5 more
2013-07-21 02:56:02,765 [localhost-startStop-1] ERROR StackTrace  - Full Stack Trace:
org.springframework.beans.factory.BeanCreationException: Error creating bean with name 'grailsApplication' defined in ServletContext resource [/WEB-INF/applicationContext.xml]: Invocation of init method failed; nested exception is java.lang.NullPointerException
	at java.util.concurrent.FutureTask$Sync.innerRun(FutureTask.java:334)
	at java.util.concurrent.FutureTask.run(FutureTask.java:166)
	at java.util.concurrent.ThreadPoolExecutor.runWorker(ThreadPoolExecutor.java:1146)
	at java.util.concurrent.ThreadPoolExecutor$Worker.run(ThreadPoolExecutor.java:615)
	at java.lang.Thread.run(Thread.java:679)
Caused by: java.lang.NullPointerException
	at java.lang.ClassLoader.loadClass(ClassLoader.java:314)
	at java.lang.ClassLoader.loadClass(ClassLoader.java:314)
	at java.lang.ClassLoader.loadClass(ClassLoader.java:314)
	... 5 more
2013-07-21 02:56:02,765 [localhost-startStop-1] ERROR StackTrace  - Full Stack Trace:
java.lang.NullPointerException
	at java.lang.ClassLoader.loadClass(ClassLoader.java:314)
	at java.lang.ClassLoader.loadClass(ClassLoader.java:314)
	at java.lang.ClassLoader.loadClass(ClassLoader.java:314)
	at java.util.concurrent.FutureTask$Sync.innerRun(FutureTask.java:334)
	at java.util.concurrent.FutureTask.run(FutureTask.java:166)
	at java.util.concurrent.ThreadPoolExecutor.runWorker(ThreadPoolExecutor.java:1146)
	at java.util.concurrent.ThreadPoolExecutor$Worker.run(ThreadPoolExecutor.java:615)
	at java.lang.Thread.run(Thread.java:679)
2013-07-21 02:56:02,765 [localhost-startStop-1] ERROR StackTrace  - Full Stack Trace:
org.springframework.beans.factory.BeanCreationException: Error creating bean with name 'grailsApplication' defined in ServletContext resource [/WEB-INF/applicationContext.xml]: Invocation of init method failed; nested exception is java.lang.NullPointerException
	at java.util.concurrent.FutureTask$Sync.innerRun(FutureTask.java:334)
	at java.util.concurrent.FutureTask.run(FutureTask.java:166)
	at java.util.concurrent.ThreadPoolExecutor.runWorker(ThreadPoolExecutor.java:1146)
	at java.util.concurrent.ThreadPoolExecutor$Worker.run(ThreadPoolExecutor.java:615)
	at java.lang.Thread.run(Thread.java:679)
Caused by: java.lang.NullPointerException
	at java.lang.ClassLoader.loadClass(ClassLoader.java:314)
	at java.lang.ClassLoader.loadClass(ClassLoader.java:314)
	at java.lang.ClassLoader.loadClass(ClassLoader.java:314)
	... 5 more
2013-07-21 02:56:02,768 [localhost-startStop-1] ERROR StackTrace  - Full Stack Trace:
org.springframework.beans.factory.BeanCreationException: Error creating bean with name 'grailsApplication' defined in ServletContext resource [/WEB-INF/applicationContext.xml]: Invocation of init method failed; nested exception is java.lang.NullPointerException
	at java.util.concurrent.FutureTask$Sync.innerRun(FutureTask.java:334)
	at java.util.concurrent.FutureTask.run(FutureTask.java:166)
	at java.util.concurrent.ThreadPoolExecutor.runWorker(ThreadPoolExecutor.java:1146)
	at java.util.concurrent.ThreadPoolExecutor$Worker.run(ThreadPoolExecutor.java:615)
	at java.lang.Thread.run(Thread.java:679)
Caused by: java.lang.NullPointerException
	at java.lang.ClassLoader.loadClass(ClassLoader.java:314)
	at java.lang.ClassLoader.loadClass(ClassLoader.java:314)
	at java.lang.ClassLoader.loadClass(ClassLoader.java:314)
	... 5 more
2013-07-21 02:56:02,768 [localhost-startStop-1] ERROR StackTrace  - Full Stack Trace:
java.lang.NullPointerException
	at java.lang.ClassLoader.loadClass(ClassLoader.java:314)
	at java.lang.ClassLoader.loadClass(ClassLoader.java:314)
	at java.lang.ClassLoader.loadClass(ClassLoader.java:314)
	at java.util.concurrent.FutureTask$Sync.innerRun(FutureTask.java:334)
	at java.util.concurrent.FutureTask.run(FutureTask.java:166)
	at java.util.concurrent.ThreadPoolExecutor.runWorker(ThreadPoolExecutor.java:1146)
	at java.util.concurrent.ThreadPoolExecutor$Worker.run(ThreadPoolExecutor.java:615)
	at java.lang.Thread.run(Thread.java:679)
2013-07-21 02:56:02,768 [localhost-startStop-1] ERROR StackTrace  - Full Stack Trace:
org.springframework.beans.factory.BeanCreationException: Error creating bean with name 'grailsApplication' defined in ServletContext resource [/WEB-INF/applicationContext.xml]: Invocation of init method failed; nested exception is java.lang.NullPointerException
	at java.util.concurrent.FutureTask$Sync.innerRun(FutureTask.java:334)
	at java.util.concurrent.FutureTask.run(FutureTask.java:166)
	at java.util.concurrent.ThreadPoolExecutor.runWorker(ThreadPoolExecutor.java:1146)
	at java.util.concurrent.ThreadPoolExecutor$Worker.run(ThreadPoolExecutor.java:615)
	at java.lang.Thread.run(Thread.java:679)
Caused by: java.lang.NullPointerException
	at java.lang.ClassLoader.loadClass(ClassLoader.java:314)
	at java.lang.ClassLoader.loadClass(ClassLoader.java:314)
	at java.lang.ClassLoader.loadClass(ClassLoader.java:314)
	... 5 more
2013-07-21 02:56:02,768 [localhost-startStop-1] ERROR StackTrace  - Full Stack Trace:
org.springframework.beans.factory.BeanCreationException: Error creating bean with name 'grailsApplication' defined in ServletContext resource [/WEB-INF/applicationContext.xml]: Invocation of init method failed; nested exception is java.lang.NullPointerException
	at java.util.concurrent.FutureTask$Sync.innerRun(FutureTask.java:334)
	at java.util.concurrent.FutureTask.run(FutureTask.java:166)
	at java.util.concurrent.ThreadPoolExecutor.runWorker(ThreadPoolExecutor.java:1146)
	at java.util.concurrent.ThreadPoolExecutor$Worker.run(ThreadPoolExecutor.java:615)
	at java.lang.Thread.run(Thread.java:679)
Caused by: java.lang.NullPointerException
	at java.lang.ClassLoader.loadClass(ClassLoader.java:314)
	at java.lang.ClassLoader.loadClass(ClassLoader.java:314)
	at java.lang.ClassLoader.loadClass(ClassLoader.java:314)
	... 5 more
2013-07-21 02:56:02,769 [localhost-startStop-1] ERROR StackTrace  - Full Stack Trace:
java.lang.NullPointerException
	at java.lang.ClassLoader.loadClass(ClassLoader.java:314)
	at java.lang.ClassLoader.loadClass(ClassLoader.java:314)
	at java.lang.ClassLoader.loadClass(ClassLoader.java:314)
	at java.util.concurrent.FutureTask$Sync.innerRun(FutureTask.java:334)
	at java.util.concurrent.FutureTask.run(FutureTask.java:166)
	at java.util.concurrent.ThreadPoolExecutor.runWorker(ThreadPoolExecutor.java:1146)
	at java.util.concurrent.ThreadPoolExecutor$Worker.run(ThreadPoolExecutor.java:615)
	at java.lang.Thread.run(Thread.java:679)
2013-07-21 02:56:02,769 [localhost-startStop-1] ERROR StackTrace  - Full Stack Trace:
org.springframework.beans.factory.BeanCreationException: Error creating bean with name 'grailsApplication' defined in ServletContext resource [/WEB-INF/applicationContext.xml]: Invocation of init method failed; nested exception is java.lang.NullPointerException
	at java.util.concurrent.FutureTask$Sync.innerRun(FutureTask.java:334)
	at java.util.concurrent.FutureTask.run(FutureTask.java:166)
	at java.util.concurrent.ThreadPoolExecutor.runWorker(ThreadPoolExecutor.java:1146)
	at java.util.concurrent.ThreadPoolExecutor$Worker.run(ThreadPoolExecutor.java:615)
	at java.lang.Thread.run(Thread.java:679)
Caused by: java.lang.NullPointerException
	at java.lang.ClassLoader.loadClass(ClassLoader.java:314)
	at java.lang.ClassLoader.loadClass(ClassLoader.java:314)
	at java.lang.ClassLoader.loadClass(ClassLoader.java:314)
	... 5 more
2013-07-21 02:59:14,016 [localhost-startStop-1] ERROR StackTrace  - Full Stack Trace:
org.springframework.beans.factory.BeanCreationException: Error creating bean with name 'grailsApplication' defined in ServletContext resource [/WEB-INF/applicationContext.xml]: Invocation of init method failed; nested exception is java.lang.NullPointerException
	at org.springframework.beans.factory.support.AbstractAutowireCapableBeanFactory.initializeBean(AbstractAutowireCapableBeanFactory.java:1455)
	at org.springframework.beans.factory.support.AbstractAutowireCapableBeanFactory.doCreateBean(AbstractAutowireCapableBeanFactory.java:519)
	at org.springframework.beans.factory.support.AbstractAutowireCapableBeanFactory.createBean(AbstractAutowireCapableBeanFactory.java:456)
	at org.springframework.beans.factory.support.AbstractBeanFactory$1.getObject(AbstractBeanFactory.java:294)
	at org.springframework.beans.factory.support.DefaultSingletonBeanRegistry.getSingleton(DefaultSingletonBeanRegistry.java:225)
	at org.springframework.beans.factory.support.AbstractBeanFactory.doGetBean(AbstractBeanFactory.java:291)
	at org.springframework.beans.factory.support.AbstractBeanFactory.getBean(AbstractBeanFactory.java:193)
	at org.springframework.beans.factory.support.DefaultListableBeanFactory.preInstantiateSingletons(DefaultListableBeanFactory.java:589)
	at org.springframework.context.support.AbstractApplicationContext.finishBeanFactoryInitialization(AbstractApplicationContext.java:925)
	at org.springframework.context.support.AbstractApplicationContext.refresh(AbstractApplicationContext.java:472)
	at org.springframework.web.context.ContextLoader.configureAndRefreshWebApplicationContext(ContextLoader.java:388)
	at org.springframework.web.context.ContextLoader.initWebApplicationContext(ContextLoader.java:293)
	at org.codehaus.groovy.grails.web.context.GrailsContextLoader.initWebApplicationContext(GrailsContextLoader.java:69)
	at org.springframework.web.context.ContextLoaderListener.contextInitialized(ContextLoaderListener.java:111)
	at org.apache.catalina.core.StandardContext.listenerStart(StandardContext.java:4887)
	at org.apache.catalina.core.StandardContext.startInternal(StandardContext.java:5381)
	at org.apache.catalina.util.LifecycleBase.start(LifecycleBase.java:150)
	at org.apache.catalina.core.ContainerBase$StartChild.call(ContainerBase.java:1559)
	at org.apache.catalina.core.ContainerBase$StartChild.call(ContainerBase.java:1549)
	at java.util.concurrent.FutureTask$Sync.innerRun(FutureTask.java:334)
	at java.util.concurrent.FutureTask.run(FutureTask.java:166)
	at java.util.concurrent.ThreadPoolExecutor.runWorker(ThreadPoolExecutor.java:1146)
	at java.util.concurrent.ThreadPoolExecutor$Worker.run(ThreadPoolExecutor.java:615)
	at java.lang.Thread.run(Thread.java:679)
Caused by: java.lang.NullPointerException
	at org.codehaus.groovy.grails.cli.support.GrailsRootLoader.loadClass(GrailsRootLoader.java:44)
	at java.lang.ClassLoader.loadClass(ClassLoader.java:314)
	at java.lang.ClassLoader.loadClass(ClassLoader.java:314)
	at java.lang.ClassLoader.loadClass(ClassLoader.java:314)
	at groovy.lang.GroovyClassLoader.loadClass(GroovyClassLoader.java:648)
	at groovy.lang.GroovyClassLoader.loadClass(GroovyClassLoader.java:758)
	at groovy.lang.GroovyClassLoader.loadClass(GroovyClassLoader.java:746)
	at org.codehaus.groovy.grails.commons.DefaultGrailsApplication.<init>(DefaultGrailsApplication.java:129)
	at org.codehaus.groovy.grails.commons.GrailsApplicationFactoryBean.afterPropertiesSet(GrailsApplicationFactoryBean.java:106)
	at org.springframework.beans.factory.support.AbstractAutowireCapableBeanFactory.invokeInitMethods(AbstractAutowireCapableBeanFactory.java:1514)
	at org.springframework.beans.factory.support.AbstractAutowireCapableBeanFactory.initializeBean(AbstractAutowireCapableBeanFactory.java:1452)
	... 23 more
2013-07-21 02:59:14,017 [localhost-startStop-1] ERROR StackTrace  - Full Stack Trace:
java.lang.NullPointerException
	at org.codehaus.groovy.grails.cli.support.GrailsRootLoader.loadClass(GrailsRootLoader.java:44)
	at java.lang.ClassLoader.loadClass(ClassLoader.java:314)
	at java.lang.ClassLoader.loadClass(ClassLoader.java:314)
	at java.lang.ClassLoader.loadClass(ClassLoader.java:314)
	at groovy.lang.GroovyClassLoader.loadClass(GroovyClassLoader.java:648)
	at groovy.lang.GroovyClassLoader.loadClass(GroovyClassLoader.java:758)
	at groovy.lang.GroovyClassLoader.loadClass(GroovyClassLoader.java:746)
	at org.codehaus.groovy.grails.commons.DefaultGrailsApplication.<init>(DefaultGrailsApplication.java:129)
	at org.codehaus.groovy.grails.commons.GrailsApplicationFactoryBean.afterPropertiesSet(GrailsApplicationFactoryBean.java:106)
	at org.springframework.beans.factory.support.AbstractAutowireCapableBeanFactory.invokeInitMethods(AbstractAutowireCapableBeanFactory.java:1514)
	at org.springframework.beans.factory.support.AbstractAutowireCapableBeanFactory.initializeBean(AbstractAutowireCapableBeanFactory.java:1452)
	at org.springframework.beans.factory.support.AbstractAutowireCapableBeanFactory.doCreateBean(AbstractAutowireCapableBeanFactory.java:519)
	at org.springframework.beans.factory.support.AbstractAutowireCapableBeanFactory.createBean(AbstractAutowireCapableBeanFactory.java:456)
	at org.springframework.beans.factory.support.AbstractBeanFactory$1.getObject(AbstractBeanFactory.java:294)
	at org.springframework.beans.factory.support.DefaultSingletonBeanRegistry.getSingleton(DefaultSingletonBeanRegistry.java:225)
	at org.springframework.beans.factory.support.AbstractBeanFactory.doGetBean(AbstractBeanFactory.java:291)
	at org.springframework.beans.factory.support.AbstractBeanFactory.getBean(AbstractBeanFactory.java:193)
	at org.springframework.beans.factory.support.DefaultListableBeanFactory.preInstantiateSingletons(DefaultListableBeanFactory.java:589)
	at org.springframework.context.support.AbstractApplicationContext.finishBeanFactoryInitialization(AbstractApplicationContext.java:925)
	at org.springframework.context.support.AbstractApplicationContext.refresh(AbstractApplicationContext.java:472)
	at org.springframework.web.context.ContextLoader.configureAndRefreshWebApplicationContext(ContextLoader.java:388)
	at org.springframework.web.context.ContextLoader.initWebApplicationContext(ContextLoader.java:293)
	at org.codehaus.groovy.grails.web.context.GrailsContextLoader.initWebApplicationContext(GrailsContextLoader.java:69)
	at org.springframework.web.context.ContextLoaderListener.contextInitialized(ContextLoaderListener.java:111)
	at org.apache.catalina.core.StandardContext.listenerStart(StandardContext.java:4887)
	at org.apache.catalina.core.StandardContext.startInternal(StandardContext.java:5381)
	at org.apache.catalina.util.LifecycleBase.start(LifecycleBase.java:150)
	at org.apache.catalina.core.ContainerBase$StartChild.call(ContainerBase.java:1559)
	at org.apache.catalina.core.ContainerBase$StartChild.call(ContainerBase.java:1549)
	at java.util.concurrent.FutureTask$Sync.innerRun(FutureTask.java:334)
	at java.util.concurrent.FutureTask.run(FutureTask.java:166)
	at java.util.concurrent.ThreadPoolExecutor.runWorker(ThreadPoolExecutor.java:1146)
	at java.util.concurrent.ThreadPoolExecutor$Worker.run(ThreadPoolExecutor.java:615)
	at java.lang.Thread.run(Thread.java:679)
2013-07-21 02:59:14,018 [localhost-startStop-1] ERROR StackTrace  - Full Stack Trace:
org.springframework.beans.factory.BeanCreationException: Error creating bean with name 'grailsApplication' defined in ServletContext resource [/WEB-INF/applicationContext.xml]: Invocation of init method failed; nested exception is java.lang.NullPointerException
	at java.util.concurrent.FutureTask$Sync.innerRun(FutureTask.java:334)
	at java.util.concurrent.FutureTask.run(FutureTask.java:166)
	at java.util.concurrent.ThreadPoolExecutor.runWorker(ThreadPoolExecutor.java:1146)
	at java.util.concurrent.ThreadPoolExecutor$Worker.run(ThreadPoolExecutor.java:615)
	at java.lang.Thread.run(Thread.java:679)
Caused by: java.lang.NullPointerException
	at java.lang.ClassLoader.loadClass(ClassLoader.java:314)
	at java.lang.ClassLoader.loadClass(ClassLoader.java:314)
	at java.lang.ClassLoader.loadClass(ClassLoader.java:314)
	... 5 more
2013-07-21 02:59:14,018 [localhost-startStop-1] ERROR StackTrace  - Full Stack Trace:
org.springframework.beans.factory.BeanCreationException: Error creating bean with name 'grailsApplication' defined in ServletContext resource [/WEB-INF/applicationContext.xml]: Invocation of init method failed; nested exception is java.lang.NullPointerException
	at java.util.concurrent.FutureTask$Sync.innerRun(FutureTask.java:334)
	at java.util.concurrent.FutureTask.run(FutureTask.java:166)
	at java.util.concurrent.ThreadPoolExecutor.runWorker(ThreadPoolExecutor.java:1146)
	at java.util.concurrent.ThreadPoolExecutor$Worker.run(ThreadPoolExecutor.java:615)
	at java.lang.Thread.run(Thread.java:679)
Caused by: java.lang.NullPointerException
	at java.lang.ClassLoader.loadClass(ClassLoader.java:314)
	at java.lang.ClassLoader.loadClass(ClassLoader.java:314)
	at java.lang.ClassLoader.loadClass(ClassLoader.java:314)
	... 5 more
2013-07-21 02:59:14,018 [localhost-startStop-1] ERROR StackTrace  - Full Stack Trace:
java.lang.NullPointerException
	at java.lang.ClassLoader.loadClass(ClassLoader.java:314)
	at java.lang.ClassLoader.loadClass(ClassLoader.java:314)
	at java.lang.ClassLoader.loadClass(ClassLoader.java:314)
	at java.util.concurrent.FutureTask$Sync.innerRun(FutureTask.java:334)
	at java.util.concurrent.FutureTask.run(FutureTask.java:166)
	at java.util.concurrent.ThreadPoolExecutor.runWorker(ThreadPoolExecutor.java:1146)
	at java.util.concurrent.ThreadPoolExecutor$Worker.run(ThreadPoolExecutor.java:615)
	at java.lang.Thread.run(Thread.java:679)
2013-07-21 02:59:14,018 [localhost-startStop-1] ERROR StackTrace  - Full Stack Trace:
org.springframework.beans.factory.BeanCreationException: Error creating bean with name 'grailsApplication' defined in ServletContext resource [/WEB-INF/applicationContext.xml]: Invocation of init method failed; nested exception is java.lang.NullPointerException
	at java.util.concurrent.FutureTask$Sync.innerRun(FutureTask.java:334)
	at java.util.concurrent.FutureTask.run(FutureTask.java:166)
	at java.util.concurrent.ThreadPoolExecutor.runWorker(ThreadPoolExecutor.java:1146)
	at java.util.concurrent.ThreadPoolExecutor$Worker.run(ThreadPoolExecutor.java:615)
	at java.lang.Thread.run(Thread.java:679)
Caused by: java.lang.NullPointerException
	at java.lang.ClassLoader.loadClass(ClassLoader.java:314)
	at java.lang.ClassLoader.loadClass(ClassLoader.java:314)
	at java.lang.ClassLoader.loadClass(ClassLoader.java:314)
	... 5 more
2013-07-21 02:59:14,048 [localhost-startStop-1] ERROR StackTrace  - Full Stack Trace:
org.springframework.beans.factory.BeanCreationException: Error creating bean with name 'grailsApplication' defined in ServletContext resource [/WEB-INF/applicationContext.xml]: Invocation of init method failed; nested exception is java.lang.NullPointerException
	at java.util.concurrent.FutureTask$Sync.innerRun(FutureTask.java:334)
	at java.util.concurrent.FutureTask.run(FutureTask.java:166)
	at java.util.concurrent.ThreadPoolExecutor.runWorker(ThreadPoolExecutor.java:1146)
	at java.util.concurrent.ThreadPoolExecutor$Worker.run(ThreadPoolExecutor.java:615)
	at java.lang.Thread.run(Thread.java:679)
Caused by: java.lang.NullPointerException
	at java.lang.ClassLoader.loadClass(ClassLoader.java:314)
	at java.lang.ClassLoader.loadClass(ClassLoader.java:314)
	at java.lang.ClassLoader.loadClass(ClassLoader.java:314)
	... 5 more
2013-07-21 02:59:14,048 [localhost-startStop-1] ERROR StackTrace  - Full Stack Trace:
java.lang.NullPointerException
	at java.lang.ClassLoader.loadClass(ClassLoader.java:314)
	at java.lang.ClassLoader.loadClass(ClassLoader.java:314)
	at java.lang.ClassLoader.loadClass(ClassLoader.java:314)
	at java.util.concurrent.FutureTask$Sync.innerRun(FutureTask.java:334)
	at java.util.concurrent.FutureTask.run(FutureTask.java:166)
	at java.util.concurrent.ThreadPoolExecutor.runWorker(ThreadPoolExecutor.java:1146)
	at java.util.concurrent.ThreadPoolExecutor$Worker.run(ThreadPoolExecutor.java:615)
	at java.lang.Thread.run(Thread.java:679)
2013-07-21 02:59:14,048 [localhost-startStop-1] ERROR StackTrace  - Full Stack Trace:
org.springframework.beans.factory.BeanCreationException: Error creating bean with name 'grailsApplication' defined in ServletContext resource [/WEB-INF/applicationContext.xml]: Invocation of init method failed; nested exception is java.lang.NullPointerException
	at java.util.concurrent.FutureTask$Sync.innerRun(FutureTask.java:334)
	at java.util.concurrent.FutureTask.run(FutureTask.java:166)
	at java.util.concurrent.ThreadPoolExecutor.runWorker(ThreadPoolExecutor.java:1146)
	at java.util.concurrent.ThreadPoolExecutor$Worker.run(ThreadPoolExecutor.java:615)
	at java.lang.Thread.run(Thread.java:679)
Caused by: java.lang.NullPointerException
	at java.lang.ClassLoader.loadClass(ClassLoader.java:314)
	at java.lang.ClassLoader.loadClass(ClassLoader.java:314)
	at java.lang.ClassLoader.loadClass(ClassLoader.java:314)
	... 5 more
2013-07-21 02:59:14,048 [localhost-startStop-1] ERROR StackTrace  - Full Stack Trace:
org.springframework.beans.factory.BeanCreationException: Error creating bean with name 'grailsApplication' defined in ServletContext resource [/WEB-INF/applicationContext.xml]: Invocation of init method failed; nested exception is java.lang.NullPointerException
	at java.util.concurrent.FutureTask$Sync.innerRun(FutureTask.java:334)
	at java.util.concurrent.FutureTask.run(FutureTask.java:166)
	at java.util.concurrent.ThreadPoolExecutor.runWorker(ThreadPoolExecutor.java:1146)
	at java.util.concurrent.ThreadPoolExecutor$Worker.run(ThreadPoolExecutor.java:615)
	at java.lang.Thread.run(Thread.java:679)
Caused by: java.lang.NullPointerException
	at java.lang.ClassLoader.loadClass(ClassLoader.java:314)
	at java.lang.ClassLoader.loadClass(ClassLoader.java:314)
	at java.lang.ClassLoader.loadClass(ClassLoader.java:314)
	... 5 more
2013-07-21 02:59:14,048 [localhost-startStop-1] ERROR StackTrace  - Full Stack Trace:
java.lang.NullPointerException
	at java.lang.ClassLoader.loadClass(ClassLoader.java:314)
	at java.lang.ClassLoader.loadClass(ClassLoader.java:314)
	at java.lang.ClassLoader.loadClass(ClassLoader.java:314)
	at java.util.concurrent.FutureTask$Sync.innerRun(FutureTask.java:334)
	at java.util.concurrent.FutureTask.run(FutureTask.java:166)
	at java.util.concurrent.ThreadPoolExecutor.runWorker(ThreadPoolExecutor.java:1146)
	at java.util.concurrent.ThreadPoolExecutor$Worker.run(ThreadPoolExecutor.java:615)
	at java.lang.Thread.run(Thread.java:679)
2013-07-21 02:59:14,049 [localhost-startStop-1] ERROR StackTrace  - Full Stack Trace:
org.springframework.beans.factory.BeanCreationException: Error creating bean with name 'grailsApplication' defined in ServletContext resource [/WEB-INF/applicationContext.xml]: Invocation of init method failed; nested exception is java.lang.NullPointerException
	at java.util.concurrent.FutureTask$Sync.innerRun(FutureTask.java:334)
	at java.util.concurrent.FutureTask.run(FutureTask.java:166)
	at java.util.concurrent.ThreadPoolExecutor.runWorker(ThreadPoolExecutor.java:1146)
	at java.util.concurrent.ThreadPoolExecutor$Worker.run(ThreadPoolExecutor.java:615)
	at java.lang.Thread.run(Thread.java:679)
Caused by: java.lang.NullPointerException
	at java.lang.ClassLoader.loadClass(ClassLoader.java:314)
	at java.lang.ClassLoader.loadClass(ClassLoader.java:314)
	at java.lang.ClassLoader.loadClass(ClassLoader.java:314)
	... 5 more
2013-07-21 02:59:14,049 [localhost-startStop-1] ERROR StackTrace  - Full Stack Trace:
org.springframework.beans.factory.BeanCreationException: Error creating bean with name 'grailsApplication' defined in ServletContext resource [/WEB-INF/applicationContext.xml]: Invocation of init method failed; nested exception is java.lang.NullPointerException
	at java.util.concurrent.FutureTask$Sync.innerRun(FutureTask.java:334)
	at java.util.concurrent.FutureTask.run(FutureTask.java:166)
	at java.util.concurrent.ThreadPoolExecutor.runWorker(ThreadPoolExecutor.java:1146)
	at java.util.concurrent.ThreadPoolExecutor$Worker.run(ThreadPoolExecutor.java:615)
	at java.lang.Thread.run(Thread.java:679)
Caused by: java.lang.NullPointerException
	at java.lang.ClassLoader.loadClass(ClassLoader.java:314)
	at java.lang.ClassLoader.loadClass(ClassLoader.java:314)
	at java.lang.ClassLoader.loadClass(ClassLoader.java:314)
	... 5 more
2013-07-21 02:59:14,049 [localhost-startStop-1] ERROR StackTrace  - Full Stack Trace:
java.lang.NullPointerException
	at java.lang.ClassLoader.loadClass(ClassLoader.java:314)
	at java.lang.ClassLoader.loadClass(ClassLoader.java:314)
	at java.lang.ClassLoader.loadClass(ClassLoader.java:314)
	at java.util.concurrent.FutureTask$Sync.innerRun(FutureTask.java:334)
	at java.util.concurrent.FutureTask.run(FutureTask.java:166)
	at java.util.concurrent.ThreadPoolExecutor.runWorker(ThreadPoolExecutor.java:1146)
	at java.util.concurrent.ThreadPoolExecutor$Worker.run(ThreadPoolExecutor.java:615)
	at java.lang.Thread.run(Thread.java:679)
2013-07-21 02:59:14,049 [localhost-startStop-1] ERROR StackTrace  - Full Stack Trace:
org.springframework.beans.factory.BeanCreationException: Error creating bean with name 'grailsApplication' defined in ServletContext resource [/WEB-INF/applicationContext.xml]: Invocation of init method failed; nested exception is java.lang.NullPointerException
	at java.util.concurrent.FutureTask$Sync.innerRun(FutureTask.java:334)
	at java.util.concurrent.FutureTask.run(FutureTask.java:166)
	at java.util.concurrent.ThreadPoolExecutor.runWorker(ThreadPoolExecutor.java:1146)
	at java.util.concurrent.ThreadPoolExecutor$Worker.run(ThreadPoolExecutor.java:615)
	at java.lang.Thread.run(Thread.java:679)
Caused by: java.lang.NullPointerException
	at java.lang.ClassLoader.loadClass(ClassLoader.java:314)
	at java.lang.ClassLoader.loadClass(ClassLoader.java:314)
	at java.lang.ClassLoader.loadClass(ClassLoader.java:314)
	... 5 more
2013-07-21 02:59:14,052 [localhost-startStop-1] ERROR StackTrace  - Full Stack Trace:
org.springframework.beans.factory.BeanCreationException: Error creating bean with name 'grailsApplication' defined in ServletContext resource [/WEB-INF/applicationContext.xml]: Invocation of init method failed; nested exception is java.lang.NullPointerException
	at java.util.concurrent.FutureTask$Sync.innerRun(FutureTask.java:334)
	at java.util.concurrent.FutureTask.run(FutureTask.java:166)
	at java.util.concurrent.ThreadPoolExecutor.runWorker(ThreadPoolExecutor.java:1146)
	at java.util.concurrent.ThreadPoolExecutor$Worker.run(ThreadPoolExecutor.java:615)
	at java.lang.Thread.run(Thread.java:679)
Caused by: java.lang.NullPointerException
	at java.lang.ClassLoader.loadClass(ClassLoader.java:314)
	at java.lang.ClassLoader.loadClass(ClassLoader.java:314)
	at java.lang.ClassLoader.loadClass(ClassLoader.java:314)
	... 5 more
2013-07-21 02:59:14,052 [localhost-startStop-1] ERROR StackTrace  - Full Stack Trace:
java.lang.NullPointerException
	at java.lang.ClassLoader.loadClass(ClassLoader.java:314)
	at java.lang.ClassLoader.loadClass(ClassLoader.java:314)
	at java.lang.ClassLoader.loadClass(ClassLoader.java:314)
	at java.util.concurrent.FutureTask$Sync.innerRun(FutureTask.java:334)
	at java.util.concurrent.FutureTask.run(FutureTask.java:166)
	at java.util.concurrent.ThreadPoolExecutor.runWorker(ThreadPoolExecutor.java:1146)
	at java.util.concurrent.ThreadPoolExecutor$Worker.run(ThreadPoolExecutor.java:615)
	at java.lang.Thread.run(Thread.java:679)
2013-07-21 02:59:14,053 [localhost-startStop-1] ERROR StackTrace  - Full Stack Trace:
org.springframework.beans.factory.BeanCreationException: Error creating bean with name 'grailsApplication' defined in ServletContext resource [/WEB-INF/applicationContext.xml]: Invocation of init method failed; nested exception is java.lang.NullPointerException
	at java.util.concurrent.FutureTask$Sync.innerRun(FutureTask.java:334)
	at java.util.concurrent.FutureTask.run(FutureTask.java:166)
	at java.util.concurrent.ThreadPoolExecutor.runWorker(ThreadPoolExecutor.java:1146)
	at java.util.concurrent.ThreadPoolExecutor$Worker.run(ThreadPoolExecutor.java:615)
	at java.lang.Thread.run(Thread.java:679)
Caused by: java.lang.NullPointerException
	at java.lang.ClassLoader.loadClass(ClassLoader.java:314)
	at java.lang.ClassLoader.loadClass(ClassLoader.java:314)
	at java.lang.ClassLoader.loadClass(ClassLoader.java:314)
	... 5 more
2013-07-21 02:59:14,053 [localhost-startStop-1] ERROR StackTrace  - Full Stack Trace:
org.springframework.beans.factory.BeanCreationException: Error creating bean with name 'grailsApplication' defined in ServletContext resource [/WEB-INF/applicationContext.xml]: Invocation of init method failed; nested exception is java.lang.NullPointerException
	at java.util.concurrent.FutureTask$Sync.innerRun(FutureTask.java:334)
	at java.util.concurrent.FutureTask.run(FutureTask.java:166)
	at java.util.concurrent.ThreadPoolExecutor.runWorker(ThreadPoolExecutor.java:1146)
	at java.util.concurrent.ThreadPoolExecutor$Worker.run(ThreadPoolExecutor.java:615)
	at java.lang.Thread.run(Thread.java:679)
Caused by: java.lang.NullPointerException
	at java.lang.ClassLoader.loadClass(ClassLoader.java:314)
	at java.lang.ClassLoader.loadClass(ClassLoader.java:314)
	at java.lang.ClassLoader.loadClass(ClassLoader.java:314)
	... 5 more
2013-07-21 02:59:14,053 [localhost-startStop-1] ERROR StackTrace  - Full Stack Trace:
java.lang.NullPointerException
	at java.lang.ClassLoader.loadClass(ClassLoader.java:314)
	at java.lang.ClassLoader.loadClass(ClassLoader.java:314)
	at java.lang.ClassLoader.loadClass(ClassLoader.java:314)
	at java.util.concurrent.FutureTask$Sync.innerRun(FutureTask.java:334)
	at java.util.concurrent.FutureTask.run(FutureTask.java:166)
	at java.util.concurrent.ThreadPoolExecutor.runWorker(ThreadPoolExecutor.java:1146)
	at java.util.concurrent.ThreadPoolExecutor$Worker.run(ThreadPoolExecutor.java:615)
	at java.lang.Thread.run(Thread.java:679)
2013-07-21 02:59:14,053 [localhost-startStop-1] ERROR StackTrace  - Full Stack Trace:
org.springframework.beans.factory.BeanCreationException: Error creating bean with name 'grailsApplication' defined in ServletContext resource [/WEB-INF/applicationContext.xml]: Invocation of init method failed; nested exception is java.lang.NullPointerException
	at java.util.concurrent.FutureTask$Sync.innerRun(FutureTask.java:334)
	at java.util.concurrent.FutureTask.run(FutureTask.java:166)
	at java.util.concurrent.ThreadPoolExecutor.runWorker(ThreadPoolExecutor.java:1146)
	at java.util.concurrent.ThreadPoolExecutor$Worker.run(ThreadPoolExecutor.java:615)
	at java.lang.Thread.run(Thread.java:679)
Caused by: java.lang.NullPointerException
	at java.lang.ClassLoader.loadClass(ClassLoader.java:314)
	at java.lang.ClassLoader.loadClass(ClassLoader.java:314)
	at java.lang.ClassLoader.loadClass(ClassLoader.java:314)
	... 5 more
